<?xml version="1.0" encoding="UTF-8"?>
<testng-results total="3" passed="0" failed="3" skipped="0">
  <reporter-output>
  </reporter-output>
  <suite started-at="2022-10-05T00:44:02Z" name="Regression" finished-at="2022-10-05T00:44:03Z" duration-ms="942">
    <groups>
      <group name="cucumber">
        <method signature="AbstractTestNGCucumberTests.runScenario(io.cucumber.testng.PickleWrapper, io.cucumber.testng.FeatureWrapper)[pri:0, instance:upskill.runners.RunnerClass@268f106e]" name="runScenario" class="io.cucumber.testng.AbstractTestNGCucumberTests"/>
      </group> <!-- cucumber -->
    </groups>
    <test started-at="2022-10-05T00:44:02Z" name="Ebay" finished-at="2022-10-05T00:44:03Z" duration-ms="942">
      <class name="upskill.runners.RunnerClass">
        <test-method is-config="true" signature="setUpClass(org.testng.ITestContext)[pri:0, instance:upskill.runners.RunnerClass@268f106e]" started-at="2022-10-04T20:44:02Z" name="setUpClass" finished-at="2022-10-04T20:44:03Z" duration-ms="582" status="PASS">
          <params>
            <param index="0">
              <value>
                <![CDATA[org.testng.TestRunner@757529a4]]>
              </value>
            </param>
          </params>
          <reporter-output>
          </reporter-output>
        </test-method> <!-- setUpClass -->
        <test-method signature="runScenario(io.cucumber.testng.PickleWrapper, io.cucumber.testng.FeatureWrapper)[pri:0, instance:upskill.runners.RunnerClass@268f106e]" started-at="2022-10-04T20:44:03Z" name="runScenario" description="Runs Cucumber Scenarios" data-provider="scenarios" finished-at="2022-10-04T20:44:03Z" duration-ms="134" status="FAIL">
          <params>
            <param index="0">
              <value>
                <![CDATA["Filter items by Brand"]]>
              </value>
            </param>
            <param index="1">
              <value>
                <![CDATA["Ebay Brand OUtline"]]>
              </value>
            </param>
          </params>
          <exception class="java.lang.NullPointerException">
            <message>
              <![CDATA[Cannot invoke "org.openqa.selenium.SearchContext.findElement(org.openqa.selenium.By)" because "this.searchContext" is null]]>
            </message>
            <full-stacktrace>
              <![CDATA[java.lang.NullPointerException: Cannot invoke "org.openqa.selenium.SearchContext.findElement(org.openqa.selenium.By)" because "this.searchContext" is null
	at org.openqa.selenium.support.pagefactory.DefaultElementLocator.findElement(DefaultElementLocator.java:69)
	at org.openqa.selenium.support.pagefactory.internal.LocatingElementHandler.invoke(LocatingElementHandler.java:38)
	at jdk.proxy2/jdk.proxy2.$Proxy25.sendKeys(Unknown Source)
	at upskill.ebay.pageAction.EbayHomePageActions.searchItems(EbayHomePageActions.java:37)
	at upskill.ebay.stepDef.EbayHomePageSteps.search_for(EbayHomePageSteps.java:38)
	at ✽.Search for "Shoes"(file:///C:/Users/SKRAT/eclipse-workspace03/EbayCucumberProject/src/test/resource/EbayFeatureFile/EbayBrandOutline.feature:7)
]]>
            </full-stacktrace>
          </exception> <!-- java.lang.NullPointerException -->
          <reporter-output>
          </reporter-output>
        </test-method> <!-- runScenario -->
        <test-method signature="runScenario(io.cucumber.testng.PickleWrapper, io.cucumber.testng.FeatureWrapper)[pri:0, instance:upskill.runners.RunnerClass@268f106e]" started-at="2022-10-04T20:44:03Z" name="runScenario" description="Runs Cucumber Scenarios" data-provider="scenarios" finished-at="2022-10-04T20:44:03Z" duration-ms="32" status="FAIL">
          <params>
            <param index="0">
              <value>
                <![CDATA["Filter items by Brand"]]>
              </value>
            </param>
            <param index="1">
              <value>
                <![CDATA["Ebay Brand OUtline"]]>
              </value>
            </param>
          </params>
          <exception class="java.lang.NullPointerException">
            <message>
              <![CDATA[Cannot invoke "org.openqa.selenium.SearchContext.findElement(org.openqa.selenium.By)" because "this.searchContext" is null]]>
            </message>
            <full-stacktrace>
              <![CDATA[java.lang.NullPointerException: Cannot invoke "org.openqa.selenium.SearchContext.findElement(org.openqa.selenium.By)" because "this.searchContext" is null
	at org.openqa.selenium.support.pagefactory.DefaultElementLocator.findElement(DefaultElementLocator.java:69)
	at org.openqa.selenium.support.pagefactory.internal.LocatingElementHandler.invoke(LocatingElementHandler.java:38)
	at jdk.proxy2/jdk.proxy2.$Proxy25.sendKeys(Unknown Source)
	at upskill.ebay.pageAction.EbayHomePageActions.searchItems(EbayHomePageActions.java:37)
	at upskill.ebay.stepDef.EbayHomePageSteps.search_for(EbayHomePageSteps.java:38)
	at ✽.Search for "Shirts"(file:///C:/Users/SKRAT/eclipse-workspace03/EbayCucumberProject/src/test/resource/EbayFeatureFile/EbayBrandOutline.feature:7)
]]>
            </full-stacktrace>
          </exception> <!-- java.lang.NullPointerException -->
          <reporter-output>
          </reporter-output>
        </test-method> <!-- runScenario -->
        <test-method signature="runScenario(io.cucumber.testng.PickleWrapper, io.cucumber.testng.FeatureWrapper)[pri:0, instance:upskill.runners.RunnerClass@268f106e]" started-at="2022-10-04T20:44:03Z" name="runScenario" description="Runs Cucumber Scenarios" data-provider="scenarios" finished-at="2022-10-04T20:44:03Z" duration-ms="17" status="FAIL">
          <params>
            <param index="0">
              <value>
                <![CDATA["Filter items by Brand"]]>
              </value>
            </param>
            <param index="1">
              <value>
                <![CDATA["Ebay Brand OUtline"]]>
              </value>
            </param>
          </params>
          <exception class="java.lang.NullPointerException">
            <message>
              <![CDATA[Cannot invoke "org.openqa.selenium.SearchContext.findElement(org.openqa.selenium.By)" because "this.searchContext" is null]]>
            </message>
            <full-stacktrace>
              <![CDATA[java.lang.NullPointerException: Cannot invoke "org.openqa.selenium.SearchContext.findElement(org.openqa.selenium.By)" because "this.searchContext" is null
	at org.openqa.selenium.support.pagefactory.DefaultElementLocator.findElement(DefaultElementLocator.java:69)
	at org.openqa.selenium.support.pagefactory.internal.LocatingElementHandler.invoke(LocatingElementHandler.java:38)
	at jdk.proxy2/jdk.proxy2.$Proxy25.sendKeys(Unknown Source)
	at upskill.ebay.pageAction.EbayHomePageActions.searchItems(EbayHomePageActions.java:37)
	at upskill.ebay.stepDef.EbayHomePageSteps.search_for(EbayHomePageSteps.java:38)
	at ✽.Search for "Pants"(file:///C:/Users/SKRAT/eclipse-workspace03/EbayCucumberProject/src/test/resource/EbayFeatureFile/EbayBrandOutline.feature:7)
]]>
            </full-stacktrace>
          </exception> <!-- java.lang.NullPointerException -->
          <reporter-output>
          </reporter-output>
        </test-method> <!-- runScenario -->
        <test-method is-config="true" signature="tearDownClass()[pri:0, instance:upskill.runners.RunnerClass@268f106e]" started-at="2022-10-04T20:44:03Z" name="tearDownClass" finished-at="2022-10-04T20:44:03Z" duration-ms="153" status="PASS">
          <reporter-output>
          </reporter-output>
        </test-method> <!-- tearDownClass -->
      </class> <!-- upskill.runners.RunnerClass -->
    </test> <!-- Ebay -->
  </suite> <!-- Regression -->
</testng-results>
